2023-11-30 03:28:37 [restartedMain] INFO  c.o.s.SpeMajorBackendApplication - Starting SpeMajorBackendApplication using Java 17.0.9 on pop-os with PID 29543 (/home/kay_r0hit/IdeaProjects/SpeMajorBackend/target/classes started by kay_r0hit in /home/kay_r0hit/IdeaProjects/SpeMajorBackend)
2023-11-30 03:28:37 [restartedMain] INFO  c.o.s.SpeMajorBackendApplication - No active profile set, falling back to 1 default profile: "default"
2023-11-30 03:28:37 [restartedMain] INFO  o.s.b.d.e.DevToolsPropertyDefaultsPostProcessor - Devtools property defaults active! Set 'spring.devtools.add-properties' to 'false' to disable
2023-11-30 03:28:37 [restartedMain] INFO  o.s.b.d.e.DevToolsPropertyDefaultsPostProcessor - For additional web related logging consider setting the 'logging.level.web' property to 'DEBUG'
2023-11-30 03:28:38 [restartedMain] INFO  o.s.d.r.c.RepositoryConfigurationDelegate - Bootstrapping Spring Data JPA repositories in DEFAULT mode.
2023-11-30 03:28:38 [restartedMain] INFO  o.s.d.r.c.RepositoryConfigurationDelegate - Finished Spring Data repository scanning in 68 ms. Found 6 JPA repository interfaces.
2023-11-30 03:28:39 [restartedMain] INFO  o.s.b.w.e.tomcat.TomcatWebServer - Tomcat initialized with port(s): 5000 (http)
2023-11-30 03:28:39 [restartedMain] INFO  o.a.catalina.core.StandardService - Starting service [Tomcat]
2023-11-30 03:28:39 [restartedMain] INFO  o.a.catalina.core.StandardEngine - Starting Servlet engine: [Apache Tomcat/9.0.73]
2023-11-30 03:28:39 [restartedMain] INFO  o.a.c.c.C.[Tomcat].[localhost].[/] - Initializing Spring embedded WebApplicationContext
2023-11-30 03:28:39 [restartedMain] INFO  o.s.b.w.s.c.ServletWebServerApplicationContext - Root WebApplicationContext: initialization completed in 1446 ms
2023-11-30 03:28:39 [restartedMain] INFO  o.h.jpa.internal.util.LogHelper - HHH000204: Processing PersistenceUnitInfo [name: default]
2023-11-30 03:28:39 [restartedMain] INFO  org.hibernate.Version - HHH000412: Hibernate ORM core version 5.6.15.Final
2023-11-30 03:28:39 [restartedMain] INFO  o.h.annotations.common.Version - HCANN000001: Hibernate Commons Annotations {5.1.2.Final}
2023-11-30 03:28:39 [restartedMain] INFO  com.zaxxer.hikari.HikariDataSource - HikariPool-1 - Starting...
2023-11-30 03:28:40 [restartedMain] INFO  com.zaxxer.hikari.HikariDataSource - HikariPool-1 - Start completed.
2023-11-30 03:28:40 [restartedMain] INFO  org.hibernate.dialect.Dialect - HHH000400: Using dialect: org.hibernate.dialect.MySQL5InnoDBDialect
2023-11-30 03:28:40 [restartedMain] INFO  o.h.e.t.j.p.i.JtaPlatformInitiator - HHH000490: Using JtaPlatform implementation: [org.hibernate.engine.transaction.jta.platform.internal.NoJtaPlatform]
2023-11-30 03:28:40 [restartedMain] INFO  o.s.o.j.LocalContainerEntityManagerFactoryBean - Initialized JPA EntityManagerFactory for persistence unit 'default'
2023-11-30 03:28:41 [restartedMain] WARN  o.s.b.a.o.j.JpaBaseConfiguration$JpaWebConfiguration - spring.jpa.open-in-view is enabled by default. Therefore, database queries may be performed during view rendering. Explicitly configure spring.jpa.open-in-view to disable this warning
2023-11-30 03:28:41 [restartedMain] INFO  o.s.s.web.DefaultSecurityFilterChain - Will secure any request with [org.springframework.security.web.session.DisableEncodeUrlFilter@14bb749d, org.springframework.security.web.context.request.async.WebAsyncManagerIntegrationFilter@10f13885, org.springframework.security.web.context.SecurityContextPersistenceFilter@452c7d43, org.springframework.security.web.header.HeaderWriterFilter@27a187f1, org.springframework.web.filter.CorsFilter@68556ca3, org.springframework.security.web.authentication.logout.LogoutFilter@a737c0d, com.org.spemajorbackend.config.JwtRequestFilter@630b3d70, org.springframework.security.web.savedrequest.RequestCacheAwareFilter@13b906e9, org.springframework.security.web.servletapi.SecurityContextHolderAwareRequestFilter@5e524b45, org.springframework.security.web.authentication.AnonymousAuthenticationFilter@167906b5, org.springframework.security.web.session.SessionManagementFilter@14301481, org.springframework.security.web.access.ExceptionTranslationFilter@2667620a, org.springframework.security.web.access.intercept.FilterSecurityInterceptor@3c15264c]
2023-11-30 03:28:42 [restartedMain] INFO  o.s.b.d.a.OptionalLiveReloadServer - LiveReload server is running on port 35729
2023-11-30 03:28:42 [restartedMain] INFO  o.s.b.w.e.tomcat.TomcatWebServer - Tomcat started on port(s): 5000 (http) with context path ''
2023-11-30 03:28:42 [restartedMain] INFO  c.o.s.SpeMajorBackendApplication - Started SpeMajorBackendApplication in 4.864 seconds (JVM running for 5.506)
2023-11-30 03:28:46 [SpringApplicationShutdownHook] INFO  o.s.o.j.LocalContainerEntityManagerFactoryBean - Closing JPA EntityManagerFactory for persistence unit 'default'
2023-11-30 03:28:46 [SpringApplicationShutdownHook] INFO  com.zaxxer.hikari.HikariDataSource - HikariPool-1 - Shutdown initiated...
2023-11-30 03:28:46 [SpringApplicationShutdownHook] INFO  com.zaxxer.hikari.HikariDataSource - HikariPool-1 - Shutdown completed.
2023-11-30 03:43:11 [restartedMain] INFO  c.o.s.SpeMajorBackendApplication - Starting SpeMajorBackendApplication using Java 17.0.9 on pop-os with PID 30269 (/home/kay_r0hit/IdeaProjects/SpeMajorBackend/target/classes started by kay_r0hit in /home/kay_r0hit/IdeaProjects/SpeMajorBackend)
2023-11-30 03:43:11 [restartedMain] INFO  c.o.s.SpeMajorBackendApplication - No active profile set, falling back to 1 default profile: "default"
2023-11-30 03:43:11 [restartedMain] INFO  o.s.b.d.e.DevToolsPropertyDefaultsPostProcessor - Devtools property defaults active! Set 'spring.devtools.add-properties' to 'false' to disable
2023-11-30 03:43:11 [restartedMain] INFO  o.s.b.d.e.DevToolsPropertyDefaultsPostProcessor - For additional web related logging consider setting the 'logging.level.web' property to 'DEBUG'
2023-11-30 03:43:12 [restartedMain] INFO  o.s.d.r.c.RepositoryConfigurationDelegate - Bootstrapping Spring Data JPA repositories in DEFAULT mode.
2023-11-30 03:43:12 [restartedMain] INFO  o.s.d.r.c.RepositoryConfigurationDelegate - Finished Spring Data repository scanning in 72 ms. Found 6 JPA repository interfaces.
2023-11-30 03:43:12 [restartedMain] INFO  o.s.b.w.e.tomcat.TomcatWebServer - Tomcat initialized with port(s): 5000 (http)
2023-11-30 03:43:12 [restartedMain] INFO  o.a.catalina.core.StandardService - Starting service [Tomcat]
2023-11-30 03:43:12 [restartedMain] INFO  o.a.catalina.core.StandardEngine - Starting Servlet engine: [Apache Tomcat/9.0.73]
2023-11-30 03:43:12 [restartedMain] INFO  o.a.c.c.C.[Tomcat].[localhost].[/] - Initializing Spring embedded WebApplicationContext
2023-11-30 03:43:12 [restartedMain] INFO  o.s.b.w.s.c.ServletWebServerApplicationContext - Root WebApplicationContext: initialization completed in 1454 ms
2023-11-30 03:43:13 [restartedMain] INFO  o.h.jpa.internal.util.LogHelper - HHH000204: Processing PersistenceUnitInfo [name: default]
2023-11-30 03:43:13 [restartedMain] INFO  org.hibernate.Version - HHH000412: Hibernate ORM core version 5.6.15.Final
2023-11-30 03:43:13 [restartedMain] INFO  o.h.annotations.common.Version - HCANN000001: Hibernate Commons Annotations {5.1.2.Final}
2023-11-30 03:43:13 [restartedMain] INFO  com.zaxxer.hikari.HikariDataSource - HikariPool-1 - Starting...
2023-11-30 03:43:13 [restartedMain] INFO  com.zaxxer.hikari.HikariDataSource - HikariPool-1 - Start completed.
2023-11-30 03:43:13 [restartedMain] INFO  org.hibernate.dialect.Dialect - HHH000400: Using dialect: org.hibernate.dialect.MySQL5InnoDBDialect
2023-11-30 03:43:14 [restartedMain] INFO  o.h.e.t.j.p.i.JtaPlatformInitiator - HHH000490: Using JtaPlatform implementation: [org.hibernate.engine.transaction.jta.platform.internal.NoJtaPlatform]
2023-11-30 03:43:14 [restartedMain] INFO  o.s.o.j.LocalContainerEntityManagerFactoryBean - Initialized JPA EntityManagerFactory for persistence unit 'default'
2023-11-30 03:43:14 [restartedMain] WARN  o.s.b.a.o.j.JpaBaseConfiguration$JpaWebConfiguration - spring.jpa.open-in-view is enabled by default. Therefore, database queries may be performed during view rendering. Explicitly configure spring.jpa.open-in-view to disable this warning
2023-11-30 03:43:15 [restartedMain] INFO  o.s.s.web.DefaultSecurityFilterChain - Will secure any request with [org.springframework.security.web.session.DisableEncodeUrlFilter@34016d9, org.springframework.security.web.context.request.async.WebAsyncManagerIntegrationFilter@16bd6750, org.springframework.security.web.context.SecurityContextPersistenceFilter@4661f724, org.springframework.security.web.header.HeaderWriterFilter@70079407, org.springframework.web.filter.CorsFilter@25a43ecf, org.springframework.security.web.authentication.logout.LogoutFilter@354d00ce, com.org.spemajorbackend.config.JwtRequestFilter@2d52a276, org.springframework.security.web.savedrequest.RequestCacheAwareFilter@719d523d, org.springframework.security.web.servletapi.SecurityContextHolderAwareRequestFilter@7b8b2d5a, org.springframework.security.web.authentication.AnonymousAuthenticationFilter@719627ff, org.springframework.security.web.session.SessionManagementFilter@2d385c01, org.springframework.security.web.access.ExceptionTranslationFilter@78decc79, org.springframework.security.web.access.intercept.FilterSecurityInterceptor@3470db19]
2023-11-30 03:43:15 [restartedMain] INFO  o.s.b.d.a.OptionalLiveReloadServer - LiveReload server is running on port 35729
2023-11-30 03:43:15 [restartedMain] INFO  o.s.b.w.e.tomcat.TomcatWebServer - Tomcat started on port(s): 5000 (http) with context path ''
2023-11-30 03:43:15 [restartedMain] INFO  c.o.s.SpeMajorBackendApplication - Started SpeMajorBackendApplication in 4.801 seconds (JVM running for 5.48)
2023-11-30 03:43:18 [SpringApplicationShutdownHook] INFO  o.s.o.j.LocalContainerEntityManagerFactoryBean - Closing JPA EntityManagerFactory for persistence unit 'default'
2023-11-30 03:43:18 [SpringApplicationShutdownHook] INFO  com.zaxxer.hikari.HikariDataSource - HikariPool-1 - Shutdown initiated...
2023-11-30 03:43:18 [SpringApplicationShutdownHook] INFO  com.zaxxer.hikari.HikariDataSource - HikariPool-1 - Shutdown completed.
2023-11-30 20:50:31 [restartedMain] INFO  c.o.s.SpeMajorBackendApplication - Starting SpeMajorBackendApplication using Java 17.0.9 on pop-os with PID 12203 (/home/kay_r0hit/IdeaProjects/SpeMajorBackend/target/classes started by kay_r0hit in /home/kay_r0hit/IdeaProjects/SpeMajorBackend)
2023-11-30 20:50:31 [restartedMain] INFO  c.o.s.SpeMajorBackendApplication - No active profile set, falling back to 1 default profile: "default"
2023-11-30 20:50:31 [restartedMain] INFO  o.s.b.d.e.DevToolsPropertyDefaultsPostProcessor - Devtools property defaults active! Set 'spring.devtools.add-properties' to 'false' to disable
2023-11-30 20:50:31 [restartedMain] INFO  o.s.b.d.e.DevToolsPropertyDefaultsPostProcessor - For additional web related logging consider setting the 'logging.level.web' property to 'DEBUG'
2023-11-30 20:50:32 [restartedMain] INFO  o.s.d.r.c.RepositoryConfigurationDelegate - Bootstrapping Spring Data JPA repositories in DEFAULT mode.
2023-11-30 20:50:32 [restartedMain] INFO  o.s.d.r.c.RepositoryConfigurationDelegate - Finished Spring Data repository scanning in 58 ms. Found 6 JPA repository interfaces.
2023-11-30 20:50:33 [restartedMain] INFO  o.s.b.w.e.tomcat.TomcatWebServer - Tomcat initialized with port(s): 5000 (http)
2023-11-30 20:50:33 [restartedMain] INFO  o.a.catalina.core.StandardService - Starting service [Tomcat]
2023-11-30 20:50:33 [restartedMain] INFO  o.a.catalina.core.StandardEngine - Starting Servlet engine: [Apache Tomcat/9.0.73]
2023-11-30 20:50:33 [restartedMain] INFO  o.a.c.c.C.[Tomcat].[localhost].[/] - Initializing Spring embedded WebApplicationContext
2023-11-30 20:50:33 [restartedMain] INFO  o.s.b.w.s.c.ServletWebServerApplicationContext - Root WebApplicationContext: initialization completed in 1330 ms
2023-11-30 20:50:33 [restartedMain] INFO  o.h.jpa.internal.util.LogHelper - HHH000204: Processing PersistenceUnitInfo [name: default]
2023-11-30 20:50:33 [restartedMain] INFO  org.hibernate.Version - HHH000412: Hibernate ORM core version 5.6.15.Final
2023-11-30 20:50:33 [restartedMain] INFO  o.h.annotations.common.Version - HCANN000001: Hibernate Commons Annotations {5.1.2.Final}
2023-11-30 20:50:33 [restartedMain] INFO  com.zaxxer.hikari.HikariDataSource - HikariPool-1 - Starting...
2023-11-30 20:50:33 [restartedMain] INFO  com.zaxxer.hikari.HikariDataSource - HikariPool-1 - Start completed.
2023-11-30 20:50:34 [restartedMain] INFO  org.hibernate.dialect.Dialect - HHH000400: Using dialect: org.hibernate.dialect.MySQL5InnoDBDialect
2023-11-30 20:50:34 [restartedMain] INFO  o.h.e.t.j.p.i.JtaPlatformInitiator - HHH000490: Using JtaPlatform implementation: [org.hibernate.engine.transaction.jta.platform.internal.NoJtaPlatform]
2023-11-30 20:50:34 [restartedMain] INFO  o.s.o.j.LocalContainerEntityManagerFactoryBean - Initialized JPA EntityManagerFactory for persistence unit 'default'
2023-11-30 20:50:35 [restartedMain] WARN  o.s.b.a.o.j.JpaBaseConfiguration$JpaWebConfiguration - spring.jpa.open-in-view is enabled by default. Therefore, database queries may be performed during view rendering. Explicitly configure spring.jpa.open-in-view to disable this warning
2023-11-30 20:50:35 [restartedMain] INFO  o.s.s.web.DefaultSecurityFilterChain - Will secure any request with [org.springframework.security.web.session.DisableEncodeUrlFilter@3493db32, org.springframework.security.web.context.request.async.WebAsyncManagerIntegrationFilter@4242825, org.springframework.security.web.context.SecurityContextPersistenceFilter@70079407, org.springframework.security.web.header.HeaderWriterFilter@7525e0ab, org.springframework.web.filter.CorsFilter@3470db19, org.springframework.security.web.authentication.logout.LogoutFilter@55d17dd7, com.org.spemajorbackend.config.JwtRequestFilter@bc25b95, org.springframework.security.web.savedrequest.RequestCacheAwareFilter@387b6608, org.springframework.security.web.servletapi.SecurityContextHolderAwareRequestFilter@f6a3bc, org.springframework.security.web.authentication.AnonymousAuthenticationFilter@147d8a9, org.springframework.security.web.session.SessionManagementFilter@309ed2f1, org.springframework.security.web.access.ExceptionTranslationFilter@72aee934, org.springframework.security.web.access.intercept.FilterSecurityInterceptor@401e899c]
2023-11-30 20:50:36 [restartedMain] INFO  o.s.b.d.a.OptionalLiveReloadServer - LiveReload server is running on port 35729
2023-11-30 20:50:36 [restartedMain] INFO  o.s.b.w.e.tomcat.TomcatWebServer - Tomcat started on port(s): 5000 (http) with context path ''
2023-11-30 20:50:36 [restartedMain] INFO  c.o.s.SpeMajorBackendApplication - Started SpeMajorBackendApplication in 4.84 seconds (JVM running for 5.551)
2023-11-30 20:51:46 [SpringApplicationShutdownHook] INFO  o.s.o.j.LocalContainerEntityManagerFactoryBean - Closing JPA EntityManagerFactory for persistence unit 'default'
2023-11-30 20:51:46 [SpringApplicationShutdownHook] INFO  com.zaxxer.hikari.HikariDataSource - HikariPool-1 - Shutdown initiated...
2023-11-30 20:51:46 [SpringApplicationShutdownHook] INFO  com.zaxxer.hikari.HikariDataSource - HikariPool-1 - Shutdown completed.
